[1112/094140.448:WARNING:angle_platform_impl.cc(48)] HLSLCompiler.cpp:257 (compileToBinary): 
C:\fakepath(102,1-6): warning X4000: use of potentially uninitialized variable (dyn_index_vec4_float4)

[1112/094140.558:WARNING:angle_platform_impl.cc(48)] HLSLCompiler.cpp:257 (compileToBinary): 
C:\fakepath(135,1): warning X4000: use of potentially uninitialized variable (f_i)
C:\fakepath(137,1): warning X4000: use of potentially uninitialized variable (f_i)
C:\fakepath(173,1): warning X4000: use of potentially uninitialized variable (f_u)

[1112/094143.180:WARNING:angle_platform_impl.cc(48)] HLSLCompiler.cpp:257 (compileToBinary): 
C:\fakepath(165,1): warning X4000: use of potentially uninitialized variable (f_renderMipMapLevel)

[1112/094310.440:ERROR:gpu_init.cc(426)] Passthrough is not supported, GL is disabled
[1112/094728.692:WARNING:angle_platform_impl.cc(48)] HLSLCompiler.cpp:257 (compileToBinary): 
C:\fakepath(102,1-6): warning X4000: use of potentially uninitialized variable (dyn_index_vec4_float4)

[1112/094728.860:WARNING:angle_platform_impl.cc(48)] HLSLCompiler.cpp:257 (compileToBinary): 
C:\fakepath(135,1): warning X4000: use of potentially uninitialized variable (f_i)
C:\fakepath(137,1): warning X4000: use of potentially uninitialized variable (f_i)
C:\fakepath(173,1): warning X4000: use of potentially uninitialized variable (f_u)

[1112/094729.612:WARNING:angle_platform_impl.cc(48)] HLSLCompiler.cpp:257 (compileToBinary): 
C:\fakepath(165,1): warning X4000: use of potentially uninitialized variable (f_renderMipMapLevel)

[1112/095931.679:WARNING:spdy_session.cc(3431)] Received HEADERS for invalid stream 11
[1112/130337.057:WARNING:dns_config_service_win.cc(712)] Failed to read DnsConfig.
[1112/130337.061:WARNING:dns_config_service_win.cc(712)] Failed to read DnsConfig.
[1112/165248.624:WARNING:dns_config_service_win.cc(712)] Failed to read DnsConfig.
[1112/165248.624:WARNING:dns_config_service_win.cc(712)] Failed to read DnsConfig.
[1112/165252.731:WARNING:dns_config_service_win.cc(712)] Failed to read DnsConfig.
[1112/165252.744:WARNING:dns_config_service_win.cc(712)] Failed to read DnsConfig.
[1112/165252.745:WARNING:dns_config_service_win.cc(712)] Failed to read DnsConfig.
[1112/165253.630:WARNING:dns_config_service_win.cc(712)] Failed to read DnsConfig.
[1112/165253.644:WARNING:dns_config_service_win.cc(712)] Failed to read DnsConfig.
[1112/165305.535:WARNING:dns_config_service_win.cc(712)] Failed to read DnsConfig.
[1112/165305.544:WARNING:dns_config_service_win.cc(712)] Failed to read DnsConfig.
[1112/165305.565:WARNING:dns_config_service_win.cc(712)] Failed to read DnsConfig.
[1112/165305.567:WARNING:dns_config_service_win.cc(712)] Failed to read DnsConfig.
[1112/172135.754:WARNING:dns_config_service_win.cc(712)] Failed to read DnsConfig.
[1112/172135.755:WARNING:dns_config_service_win.cc(712)] Failed to read DnsConfig.
[1112/172139.205:WARNING:dns_config_service_win.cc(712)] Failed to read DnsConfig.
[1112/172139.206:WARNING:dns_config_service_win.cc(712)] Failed to read DnsConfig.
